[debug] [2024-01-28T22:59:21.535Z] ----------------------------------------------------------------------
[debug] [2024-01-28T22:59:21.537Z] Command:       C:\Users\dell\.nvm\versions\node\v18.17.1\bin\node.exe C:\Users\dell\.nvm\versions\node\v18.17.1\bin\node_modules\firebase-tools\lib\bin\firebase.js deploy
[debug] [2024-01-28T22:59:21.537Z] CLI Version:   13.0.3
[debug] [2024-01-28T22:59:21.538Z] Platform:      win32
[debug] [2024-01-28T22:59:21.538Z] Node Version:  v18.17.1
[debug] [2024-01-28T22:59:21.539Z] Time:          Mon Jan 29 2024 03:59:21 GMT+0500 (Pakistan Standard Time)
[debug] [2024-01-28T22:59:21.540Z] ----------------------------------------------------------------------
[debug] 
[debug] [2024-01-28T22:59:21.630Z] > command requires scopes: ["email","openid","https://www.googleapis.com/auth/cloudplatformprojects.readonly","https://www.googleapis.com/auth/firebase","https://www.googleapis.com/auth/cloud-platform"]
[debug] [2024-01-28T22:59:21.631Z] > authorizing via signed-in user (adilwahla360@gmail.com)
[debug] [2024-01-28T22:59:21.631Z] [iam] checking project operify-82a00 for permissions ["firebase.projects.get","firebasehosting.sites.update"]
[debug] [2024-01-28T22:59:21.634Z] >>> [apiv2][query] POST https://cloudresourcemanager.googleapis.com/v1/projects/operify-82a00:testIamPermissions [none]
[debug] [2024-01-28T22:59:21.634Z] >>> [apiv2][(partial)header] POST https://cloudresourcemanager.googleapis.com/v1/projects/operify-82a00:testIamPermissions x-goog-quota-user=projects/operify-82a00
[debug] [2024-01-28T22:59:21.634Z] >>> [apiv2][body] POST https://cloudresourcemanager.googleapis.com/v1/projects/operify-82a00:testIamPermissions {"permissions":["firebase.projects.get","firebasehosting.sites.update"]}
[debug] [2024-01-28T22:59:23.171Z] <<< [apiv2][status] POST https://cloudresourcemanager.googleapis.com/v1/projects/operify-82a00:testIamPermissions 200
[debug] [2024-01-28T22:59:23.172Z] <<< [apiv2][body] POST https://cloudresourcemanager.googleapis.com/v1/projects/operify-82a00:testIamPermissions {"permissions":["firebase.projects.get","firebasehosting.sites.update"]}
[debug] [2024-01-28T22:59:23.174Z] >>> [apiv2][query] GET https://firebase.googleapis.com/v1beta1/projects/operify-82a00 [none]
[debug] [2024-01-28T22:59:23.777Z] <<< [apiv2][status] GET https://firebase.googleapis.com/v1beta1/projects/operify-82a00 200
[debug] [2024-01-28T22:59:23.777Z] <<< [apiv2][body] GET https://firebase.googleapis.com/v1beta1/projects/operify-82a00 {"projectId":"operify-82a00","projectNumber":"151313286362","displayName":"operify","name":"projects/operify-82a00","resources":{"hostingSite":"operify-82a00"},"state":"ACTIVE","etag":"1_960afd7b-d22e-45b7-9644-e97bff66607b"}
[info] 
[info] === Deploying to 'operify-82a00'...
[info] 
[info] i  deploying hosting 
[debug] [2024-01-28T22:59:23.788Z] >>> [apiv2][query] POST https://firebasehosting.googleapis.com/v1beta1/projects/-/sites/operify-82a00/versions [none]
[debug] [2024-01-28T22:59:23.788Z] >>> [apiv2][body] POST https://firebasehosting.googleapis.com/v1beta1/projects/-/sites/operify-82a00/versions {"status":"CREATED","labels":{"deployment-tool":"cli-firebase"}}
[debug] [2024-01-28T22:59:26.402Z] <<< [apiv2][status] POST https://firebasehosting.googleapis.com/v1beta1/projects/-/sites/operify-82a00/versions 200
[debug] [2024-01-28T22:59:26.402Z] <<< [apiv2][body] POST https://firebasehosting.googleapis.com/v1beta1/projects/-/sites/operify-82a00/versions {"name":"projects/151313286362/sites/operify-82a00/versions/4b79251572c77cef","status":"CREATED","config":{},"labels":{"deployment-tool":"cli-firebase"}}
[info] i  hosting[operify-82a00]: beginning deploy... 
[info] i  hosting[operify-82a00]: found 81 files in Front End/build/web 
[debug] [2024-01-28T22:59:26.435Z] [hosting] uploading with 200 concurrency
[debug] [2024-01-28T22:59:26.948Z] [hosting] hash cache [RnJvbnQgRW5kXGJ1aWxkXHdlYg] stored for 81 files
[debug] [2024-01-28T22:59:26.949Z] [hosting][hash queue][FINAL] {"max":493,"min":0,"avg":18.56510393582616,"active":0,"complete":81,"success":81,"errored":0,"retried":0,"total":81,"elapsed":499}
[debug] [2024-01-28T22:59:26.949Z] >>> [apiv2][query] POST https://firebasehosting.googleapis.com/v1beta1/projects/151313286362/sites/operify-82a00/versions/4b79251572c77cef:populateFiles [none]
[debug] [2024-01-28T22:59:26.949Z] >>> [apiv2][body] POST https://firebasehosting.googleapis.com/v1beta1/projects/151313286362/sites/operify-82a00/versions/4b79251572c77cef:populateFiles {"files":{"/favicon.png":"0cab6e3dd5a9f008afdd133e1e1207cf65f2f2a10eb6712e3c209d8a5f76425a","/manifest.json":"32d6ddcbb537341ba8c52332cfcbe115a79d0f4c807872c84e6eae7c95a54792","/assets/assets/images/addcircle.png":"7cb8420c72bd94ee401e2d14f9f767b8d769111b75ca88248a9940d6b694c8af","/assets/assets/images/autorenew.png":"dddb269dda73b9d135a64a2d91a0e02b66dadb6903a87f2ccc68f1a87bbfb33f","/assets/assets/images/autorenew.svg":"b0cf02e483c9e7afc84edddc0eb3e7439dfdfa51587bea3f301fb5b968c76437","/assets/assets/images/avatar.jpg":"0677a209e71411eb7a0020ebf9f878fb6b20b722053989ff8cf8d26002f12f2a","/assets/assets/images/avatar.png":"96d3da1adcdc2a814cabd776e0490cd9ee6bcd800355e87d7d4e4760659227d2","/assets/assets/images/avatar2.png":"61de14d37b34f003f54c3b0b496837ae17a2703df5a5c8350e31ad6e1e2ca83b","/assets/assets/images/circle.png":"a9b154a3a3047ddd2daf8c0442af7ed96d462e080d2fcf52889081d7208d8dfe","/assets/assets/images/circles.png":"174be3ade6b0e9fef5c7f70a33c6f134bfee63f3368e9cae660e06bfe2ab05c4","/assets/assets/images/Clipboard.png":"16d532f8a0d4706cd7660867630b4cedc8100217731d2fe3a998b3d2ed2bfb2d","/assets/assets/images/copy.png":"0e473cd915fae7c13c5c22299715fc2c7e34eb3758b673be9526de668aee5777","/assets/assets/images/download.png":"6da16d3d93f69386e539b72797f8731614dc4a5d34cf73bf2b7155825921e289","/assets/assets/images/email.png":"79ba698c1149dcad52e766771f0e11383b1642d28dbde3a618c10ad03bfabf5b","/assets/assets/images/facebook.png":"30b9d64636e3cd3f5d7aecc56838095a7c8d06dd5e2c763077c5f918524d9655","/assets/assets/images/fone.png":"3bb25c939612f0a83495cc6d671552f2993af79caee951ec0f9150f3aa688d87","/assets/assets/images/google.png":"3cad866c01844b07a029e6282cc3c1385e56d77440f231a5b2db52e4e44325a5","/assets/assets/images/home.png":"17cee37e073ef61ca97859a72182c1eec52a4b676fb1b53d664a44ec7aa8c54b","/assets/assets/images/insta.png":"9d312685735af4cd0eab2d25bcb7f835b0649f621ee823109b695828e7dc8e8c","/assets/assets/images/linkedin.png":"0a1cd87c52ecf7772f6c8b59ceb3c17c8d74c268295b1040d1d751c94d5e3fea","/assets/assets/images/logo.png":"c3c80da93405e5fc79ad9e7a1c74d189ed5ee5f8aafe86ff67fefcb702700a31","/assets/assets/images/logo1.png":"518714401e71196d951916f1dcb51d7883be6bef3d0c0d25966b4a9ea698a2c2","/assets/assets/images/logoSignup.png":"8191a3837751017c8140a848b7814528138bbc00c2dec94a5cfc4d4c6a0e79a9","/assets/assets/images/mail2.png":"37875a8a4b9aeb65d676cba90c7d8e1a410408deca210a2c5ae9dca65c9a7ee8","/assets/assets/images/paste.png":"a5038c7a6fb679be479e057bd9c33eaa09166183de33c919c1272760a62acc8b","/assets/assets/images/pdf.png":"3bc5993f0982c700b82eb942cd77d0b297d4813f6de0af19f8ac816dfc38ded9","/assets/assets/images/published_with_changes.png":"ac3861204165784912be908d05e88cb37342e2dcb72b277c441edb41538a40fc","/assets/assets/images/report.png":"a514a1b49aca5f67f05c02dcb20a6cf336acaf937c6bd57dbc205dd682c09d03","/assets/assets/images/save_as.png":"c8c898de4d5633f1284b1c730bcd1d3a32437f4a6706af82ac2478674ebe8061","/assets/assets/images/social.png":"1d4f622d82877ab8d07fd8f0c1742b303a7aec49b5c5253cb255d61330bd9cf6","/assets/assets/images/translate.png":"d877c18f58e7abd71a52dd6f8ac4ab25ef41c4683bfd75920916d7c4cf515202","/assets/assets/images/translate1.png":"b1f5f46565676e5e6a6a44e853c29e882c14c81fac6e74e8e7b4a456097e1d37","/assets/assets/images/twitter.png":"cd0567914a34e78e7bb8cac900928f1504357215f859dfb2978df66b3ef40ea7","/assets/assets/images/unhide.png":"017c6997815f7fae428d0f129f2c5059382bfc60cca943917bd7edbe935a78ca","/assets/assets/images/word.png":"9ee5bb0bd788cc684bfe4e726c47380617cd08b2398cefa18ebbd276a76d82a6","/assets/assets/Poppins/Poppins-Bold.ttf":"b7825fbc8e745ecf82d89e2319d824fb8563e72e476860396d3cd3afa33be2a7","/assets/assets/Poppins/Poppins-ExtraLightItalic.ttf":"afdb84233a3681cb51d5ede760c3cf6441fe235190cd7b79ac430fed7223bd7f","/assets/assets/Poppins/Poppins-Regular.ttf":"eb452d878bcf994bfbc5917276f7822adbbff25a0d68ed2311325ada1d01f240","/assets/packages/fluttertoast/assets/toastify.css":"41cb9fff70435912e6ebd8a012c74b848ca317faf4c90415a3d60bead82b5345","/assets/packages/fluttertoast/assets/toastify.js":"ae2ad94fa0d55c2fd81c74f3d53a6f564e19bcfedc7697ad871b2e4beef45363","/assets/packages/flutter_vector_icons/fonts/AntDesign.ttf":"29e4c022afeecca15c773e72d980fdf2b1ef0584bf729e35165b6cdc685eda4b","/assets/packages/flutter_vector_icons/fonts/Entypo.ttf":"373ff7e76715c3d7c8b9d5e982576da4a760264af0f5730408d3d3aa40b9c09d","/assets/packages/flutter_vector_icons/fonts/EvilIcons.ttf":"4ecd63ff4c9190afa41d06533bd51545a585f6a3a0944361b4788436799d6583","/assets/packages/flutter_vector_icons/fonts/Feather.ttf":"670fa0f9567b3dd5b92ccff7f2284a55aea0478ed8bd2b776e2152efb2b01b04","/assets/packages/flutter_vector_icons/fonts/FontAwesome.ttf":"d9cef07d4f3569883fb4c3db76acea5478cef80775d012841eb78a42e60a8e89","/assets/packages/flutter_vector_icons/fonts/FontAwesome5_Brands.ttf":"d2fec613bc0824be7d57f25fcaf9252d0021538ce26589062598f5cdff5e347b","/assets/packages/flutter_vector_icons/fonts/FontAwesome5_Regular.ttf":"5b94be549fd8a5aaad71150b1bc0320fc64a8fa85960481a86243469e0076caf","/assets/packages/flutter_vector_icons/fonts/FontAwesome5_Solid.ttf":"cfa4da78991398e75581b5007f67892cf2fab691f46148579a170e2198493304","/assets/packages/flutter_vector_icons/fonts/Fontisto.ttf":"2169f1b4a3122b78c3fb589a06984fb5b11861f6e2ae85859c5fbc020be52c9a","/assets/packages/flutter_vector_icons/fonts/Foundation.ttf":"a882366b971e1db80486186b3e62dc43ee98610d3e2e1c12e1e8591ee39a5dca","/assets/packages/flutter_vector_icons/fonts/Ionicons.ttf":"d938022bae3b36f36596ee7ecb7268634c554ecb41fea0261d01e89b34539f2e","/assets/packages/flutter_vector_icons/fonts/MaterialCommunityIcons.ttf":"0f15e8832a1d29e92ece8405fdf28be9f2908a124a4dabf7d80e22fdf9d5a30a","/assets/packages/flutter_vector_icons/fonts/MaterialIcons.ttf":"364f084fc714c243ce7b90900119e591e17743ba4fc6b81b0be6187d3713a27f","/assets/packages/flutter_vector_icons/fonts/Octicons.ttf":"dee53072cf3815ae20cf41e63bbc550f01df509feb6a4f347e390bfa0d47dc00","/assets/packages/flutter_vector_icons/fonts/SimpleLineIcons.ttf":"3b96cac7d82b0165cf5a185ff4b2b1d37df821c9a78adc25f81aac4d86809e61","/assets/packages/flutter_vector_icons/fonts/Zocial.ttf":"cc2ae355b5d82954f15a98c884ecfc81622faa93d84cad719a141881ac1ff11b","/assets/packages/font_awesome_flutter/lib/fonts/fa-brands-400.ttf":"83fd31e2ae4723f2c344600417554fbff0baa74c46edf4dc2a0107d3262a8102","/assets/packages/font_awesome_flutter/lib/fonts/fa-regular-400.ttf":"ba7de3808db4f2c4b86ad0ce0c3c8e5f8dec2fe94e827f27b959c4c3536a32af","/assets/packages/font_awesome_flutter/lib/fonts/fa-solid-900.ttf":"83a14b1cc29f965820ed4064bf7fb7239dfd9416e86f94f5b5cab97c469a630c","/canvaskit/canvaskit.js":"0bf82df33fb8af9dda7fe190359806f42825317f583cff5f775836d287c70526","/canvaskit/canvaskit.wasm":"15ac9be72324a84aaabd69128c65a818e820d857ba6da8034d2dca5b1c5e4e44","/canvaskit/skwasm.js":"8f98d627816f4dd57c3c225a1a7dfb0129e4d2a11cd69e8f40d59ba691aab3f7","/canvaskit/skwasm.wasm":"6b8ed9592e500e8913791220010ccf7751c9aa2f77c985cbfd7a76dc02faf034","/canvaskit/skwasm.worker.js":"4d46196245dc222fe063d4554ec2477feb1034714b964029f7f3975a62bba92d","/canvaskit/chromium/canvaskit.js":"2e0c44444986053a63e2fbd876325e24b539ae09d53b6ac8ff3314f336c41df1","/canvaskit/chromium/canvaskit.wasm":"dc2841ea8dcf5ab900d4ac14deb0f5acf9172c7cf16e79eebd8de7ec7a7b1bbf","/icons/Icon-192.png":"eaf2464bfb1d192fdd192a616f7b858dee456d573c6ec619648a1dcf2bdddfa6","/icons/Icon-512.png":"9cf4cd298ae95acc1f25e97d88aa3f6bbfdf40867ea0f8a854c4393f49d56e64","/index.html":"8744faf6f4dac87e1420bf1a62240994067076adc4f18ffb92fdca1772e7da8b","/version.json":"1a83262286c44bdc288abe585b9598532d489880a1075fa15ebf4b37441d2bec","/assets/AssetManifest.bin":"bb4e3745bedb4f8c90fad276765faa6a2c4ba2ed060b6c00c7b34461899787b2","/assets/FontManifest.json":"9d64e5ef345ed721a0aae6bc4549384552a2f6bd3ffc68baea6ebb178588a596","/flutter.js":"08d02d9a4e5bda1dc4f598e853e8a49e7995415fb153af1f0fda3119e28c2ba4","/assets/AssetManifest.bin.json":"f069b76fe37adcd7aae133ef22778098006d0f812e859dd6e9aa0701a548fb0d","/assets/AssetManifest.json":"d7cb0d10ba3dfd375226a239039a1854d538b1a9c6fe875455fbcf12d1cfdf14","/assets/packages/cupertino_icons/assets/CupertinoIcons.ttf":"b501b0d579cac021ad1b019709f08d80343ac2718c73d782f448c414a9b0aeca","/flutter_service_worker.js":"054903889925c1fa144b54fd710545f6bf2734361909a4762da9aba28696fa01","/assets/shaders/ink_sparkle.frag":"13ca37c92676b44acedc45bbfda9f56fca4781d57cee88db47e8cf73fa781541","/assets/fonts/MaterialIcons-Regular.otf":"47225ee3d299701b935c0a782b6f8013ed08d2f76ba8e1ca0ca4818daeab1e30","/assets/NOTICES":"9d0ed9d33bdb3d960a56fb9e25f269d11e8b121c16bb421606f40369c7eedee1","/main.dart.js":"457266806fa49b2b9f26980e3840178222eff4b621fe02dd918a36d3e62382fa"}}
[debug] [2024-01-28T22:59:29.049Z] <<< [apiv2][status] POST https://firebasehosting.googleapis.com/v1beta1/projects/151313286362/sites/operify-82a00/versions/4b79251572c77cef:populateFiles 200
[debug] [2024-01-28T22:59:29.050Z] <<< [apiv2][body] POST https://firebasehosting.googleapis.com/v1beta1/projects/151313286362/sites/operify-82a00/versions/4b79251572c77cef:populateFiles {"uploadRequiredHashes":["457266806fa49b2b9f26980e3840178222eff4b621fe02dd918a36d3e62382fa","8744faf6f4dac87e1420bf1a62240994067076adc4f18ffb92fdca1772e7da8b","054903889925c1fa144b54fd710545f6bf2734361909a4762da9aba28696fa01"],"uploadUrl":"https://upload-firebasehosting.googleapis.com/upload/sites/operify-82a00/versions/4b79251572c77cef/files"}
[debug] [2024-01-28T22:59:29.051Z] >>> [apiv2][query] POST https://upload-firebasehosting.googleapis.com/upload/sites/operify-82a00/versions/4b79251572c77cef/files/457266806fa49b2b9f26980e3840178222eff4b621fe02dd918a36d3e62382fa [none]
[debug] [2024-01-28T22:59:29.051Z] >>> [apiv2][body] POST https://upload-firebasehosting.googleapis.com/upload/sites/operify-82a00/versions/4b79251572c77cef/files/457266806fa49b2b9f26980e3840178222eff4b621fe02dd918a36d3e62382fa [stream]
[debug] [2024-01-28T22:59:29.052Z] >>> [apiv2][query] POST https://upload-firebasehosting.googleapis.com/upload/sites/operify-82a00/versions/4b79251572c77cef/files/8744faf6f4dac87e1420bf1a62240994067076adc4f18ffb92fdca1772e7da8b [none]
[debug] [2024-01-28T22:59:29.052Z] >>> [apiv2][body] POST https://upload-firebasehosting.googleapis.com/upload/sites/operify-82a00/versions/4b79251572c77cef/files/8744faf6f4dac87e1420bf1a62240994067076adc4f18ffb92fdca1772e7da8b [stream]
[debug] [2024-01-28T22:59:29.054Z] >>> [apiv2][query] POST https://upload-firebasehosting.googleapis.com/upload/sites/operify-82a00/versions/4b79251572c77cef/files/054903889925c1fa144b54fd710545f6bf2734361909a4762da9aba28696fa01 [none]
[debug] [2024-01-28T22:59:29.054Z] >>> [apiv2][body] POST https://upload-firebasehosting.googleapis.com/upload/sites/operify-82a00/versions/4b79251572c77cef/files/054903889925c1fa144b54fd710545f6bf2734361909a4762da9aba28696fa01 [stream]
[debug] [2024-01-28T22:59:29.055Z] [hosting][populate queue][FINAL] {"max":2104,"min":2104,"avg":2104,"active":0,"complete":1,"success":1,"errored":0,"retried":0,"total":1,"elapsed":2108}
[debug] [2024-01-28T22:59:29.056Z] [hosting] uploads queued: 3
[debug] [2024-01-28T22:59:30.336Z] <<< [apiv2][status] POST https://upload-firebasehosting.googleapis.com/upload/sites/operify-82a00/versions/4b79251572c77cef/files/054903889925c1fa144b54fd710545f6bf2734361909a4762da9aba28696fa01 200
[debug] [2024-01-28T22:59:30.336Z] <<< [apiv2][body] POST https://upload-firebasehosting.googleapis.com/upload/sites/operify-82a00/versions/4b79251572c77cef/files/054903889925c1fa144b54fd710545f6bf2734361909a4762da9aba28696fa01 [stream]
[debug] [2024-01-28T22:59:30.867Z] <<< [apiv2][status] POST https://upload-firebasehosting.googleapis.com/upload/sites/operify-82a00/versions/4b79251572c77cef/files/8744faf6f4dac87e1420bf1a62240994067076adc4f18ffb92fdca1772e7da8b 200
[debug] [2024-01-28T22:59:30.867Z] <<< [apiv2][body] POST https://upload-firebasehosting.googleapis.com/upload/sites/operify-82a00/versions/4b79251572c77cef/files/8744faf6f4dac87e1420bf1a62240994067076adc4f18ffb92fdca1772e7da8b [stream]
[debug] [2024-01-28T22:59:31.319Z] <<< [apiv2][status] POST https://upload-firebasehosting.googleapis.com/upload/sites/operify-82a00/versions/4b79251572c77cef/files/457266806fa49b2b9f26980e3840178222eff4b621fe02dd918a36d3e62382fa 200
[debug] [2024-01-28T22:59:31.319Z] <<< [apiv2][body] POST https://upload-firebasehosting.googleapis.com/upload/sites/operify-82a00/versions/4b79251572c77cef/files/457266806fa49b2b9f26980e3840178222eff4b621fe02dd918a36d3e62382fa [stream]
[debug] [2024-01-28T22:59:31.320Z] [hosting][upload queue][FINAL] {"max":2269,"min":1286,"avg":1790.6666666666667,"active":0,"complete":3,"success":3,"errored":0,"retried":0,"total":3,"elapsed":2270}
[info] +  hosting[operify-82a00]: file upload complete 
[debug] [2024-01-28T22:59:31.322Z] [hosting] deploy completed after 4917ms
[debug] [2024-01-28T22:59:31.322Z] [
  {
    "config": {
      "public": "Front End/build/web",
      "ignore": [
        "firebase.json",
        "**/.*",
        "**/node_modules/**"
      ],
      "rewrites": [
        {
          "source": "**",
          "destination": "/index.html"
        }
      ],
      "site": "operify-82a00"
    },
    "version": "projects/151313286362/sites/operify-82a00/versions/4b79251572c77cef"
  }
]
[info] i  hosting[operify-82a00]: finalizing version... 
[debug] [2024-01-28T22:59:31.326Z] >>> [apiv2][query] PATCH https://firebasehosting.googleapis.com/v1beta1/projects/-/sites/operify-82a00/versions/4b79251572c77cef updateMask=status%2Cconfig
[debug] [2024-01-28T22:59:31.326Z] >>> [apiv2][body] PATCH https://firebasehosting.googleapis.com/v1beta1/projects/-/sites/operify-82a00/versions/4b79251572c77cef {"status":"FINALIZED","config":{"rewrites":[{"glob":"**","path":"/index.html"}]}}
[debug] [2024-01-28T22:59:33.713Z] <<< [apiv2][status] PATCH https://firebasehosting.googleapis.com/v1beta1/projects/-/sites/operify-82a00/versions/4b79251572c77cef 200
[debug] [2024-01-28T22:59:33.713Z] <<< [apiv2][body] PATCH https://firebasehosting.googleapis.com/v1beta1/projects/-/sites/operify-82a00/versions/4b79251572c77cef {"name":"projects/151313286362/sites/operify-82a00/versions/4b79251572c77cef","status":"FINALIZED","config":{"rewrites":[{"glob":"**","path":"/index.html"}]},"labels":{"deployment-tool":"cli-firebase"},"createTime":"2024-01-28T22:59:26.110988Z","createUser":{"email":"adilwahla360@gmail.com"},"finalizeTime":"2024-01-28T22:59:34.013724Z","finalizeUser":{"email":"adilwahla360@gmail.com"}}
[debug] [2024-01-28T22:59:33.713Z] [hosting] finalized version for operify-82a00:[object Object]
[info] +  hosting[operify-82a00]: version finalized 
[info] i  hosting[operify-82a00]: releasing new version... 
[debug] [2024-01-28T22:59:33.716Z] >>> [apiv2][query] POST https://firebasehosting.googleapis.com/v1beta1/projects/-/sites/operify-82a00/channels/live/releases versionName=projects%2F151313286362%2Fsites%2Foperify-82a00%2Fversions%2F4b79251572c77cef
[debug] [2024-01-28T22:59:33.716Z] >>> [apiv2][body] POST https://firebasehosting.googleapis.com/v1beta1/projects/-/sites/operify-82a00/channels/live/releases {}
[debug] [2024-01-28T22:59:35.775Z] <<< [apiv2][status] POST https://firebasehosting.googleapis.com/v1beta1/projects/-/sites/operify-82a00/channels/live/releases 200
[debug] [2024-01-28T22:59:35.775Z] <<< [apiv2][body] POST https://firebasehosting.googleapis.com/v1beta1/projects/-/sites/operify-82a00/channels/live/releases {"name":"projects/151313286362/sites/operify-82a00/channels/live/releases/1706482775391000","version":{"name":"projects/151313286362/sites/operify-82a00/versions/4b79251572c77cef","status":"FINALIZED","config":{"rewrites":[{"glob":"**","path":"/index.html"}]},"labels":{"deployment-tool":"cli-firebase"},"createTime":"2024-01-28T22:59:26.110988Z","createUser":{"email":"adilwahla360@gmail.com","imageUrl":"https://lh3.googleusercontent.com/a/ACg8ocK2chciNPQW7MboAhtS_VLrtcDSw2qoKmIBIJREvc8j0Ew"},"finalizeTime":"2024-01-28T22:59:34.013724Z","finalizeUser":{"email":"adilwahla360@gmail.com","imageUrl":"https://lh3.googleusercontent.com/a/ACg8ocK2chciNPQW7MboAhtS_VLrtcDSw2qoKmIBIJREvc8j0Ew"}},"type":"DEPLOY","releaseTime":"2024-01-28T22:59:35.391Z","releaseUser":{"email":"adilwahla360@gmail.com","imageUrl":"https://lh3.googleusercontent.com/a/ACg8ocK2chciNPQW7MboAhtS_VLrtcDSw2qoKmIBIJREvc8j0Ew"}}
[debug] [2024-01-28T22:59:35.775Z] [hosting] release: {"name":"projects/151313286362/sites/operify-82a00/channels/live/releases/1706482775391000","version":{"name":"projects/151313286362/sites/operify-82a00/versions/4b79251572c77cef","status":"FINALIZED","config":{"rewrites":[{"glob":"**","path":"/index.html"}]},"labels":{"deployment-tool":"cli-firebase"},"createTime":"2024-01-28T22:59:26.110988Z","createUser":{"email":"adilwahla360@gmail.com","imageUrl":"https://lh3.googleusercontent.com/a/ACg8ocK2chciNPQW7MboAhtS_VLrtcDSw2qoKmIBIJREvc8j0Ew"},"finalizeTime":"2024-01-28T22:59:34.013724Z","finalizeUser":{"email":"adilwahla360@gmail.com","imageUrl":"https://lh3.googleusercontent.com/a/ACg8ocK2chciNPQW7MboAhtS_VLrtcDSw2qoKmIBIJREvc8j0Ew"}},"type":"DEPLOY","releaseTime":"2024-01-28T22:59:35.391Z","releaseUser":{"email":"adilwahla360@gmail.com","imageUrl":"https://lh3.googleusercontent.com/a/ACg8ocK2chciNPQW7MboAhtS_VLrtcDSw2qoKmIBIJREvc8j0Ew"}}
[info] +  hosting[operify-82a00]: release complete 
[info] 
[info] +  Deploy complete! 
[info] 
[info] Project Console: https://console.firebase.google.com/project/operify-82a00/overview
[info] Hosting URL: https://operify-82a00.web.app
[debug] [2024-01-28T22:59:41.706Z] Error: Timed out.
    at Timeout._onTimeout (C:\Users\dell\.nvm\versions\node\v18.17.1\bin\node_modules\firebase-tools\lib\utils.js:258:49)
    at listOnTimeout (node:internal/timers:569:17)
    at process.processTimers (node:internal/timers:512:7)
[error] 
[error] Error: An unexpected error has occurred.
